# JRE version: Java(TM) SE Runtime Environment (8.0_421) (build 1.8.0_421-b09)
# Java VM: Java HotSpot(TM) 64-Bit Server VM (25.421-b09 mixed mode windows-amd64 compressed oops)
Heap:
 PSYoungGen      total 76288K, used 15500K [0x000000076ad80000, 0x0000000770280000, 0x00000007c0000000)
  eden space 65536K, 23% used [0x000000076ad80000,0x000000076bca3168,0x000000076ed80000)
  from space 10752K, 0% used [0x000000076f800000,0x000000076f800000,0x0000000770280000)
  to   space 10752K, 0% used [0x000000076ed80000,0x000000076ed80000,0x000000076f800000)
 ParOldGen       total 82944K, used 16659K [0x00000006c0800000, 0x00000006c5900000, 0x000000076ad80000)
  object space 82944K, 20% used [0x00000006c0800000,0x00000006c1844e58,0x00000006c5900000)
 Metaspace       used 31346K, capacity 31878K, committed 32000K, reserved 1077248K
  class space    used 3860K, capacity 4007K, committed 4096K, reserved 1048576K
GC Heap History (10 events):
Event: 7.839 GC heap before
{Heap before GC invocations=2 (full 0):
 PSYoungGen      total 76288K, used 21862K [0x000000076ad80000, 0x0000000770280000, 0x00000007c0000000)
  eden space 65536K, 16% used [0x000000076ad80000,0x000000076b859fc0,0x000000076ed80000)
  from space 10752K, 99% used [0x000000076ed80000,0x000000076f7ff9f8,0x000000076f800000)
  to   space 10752K, 0% used [0x000000076f800000,0x000000076f800000,0x0000000770280000)
 ParOldGen       total 175104K, used 571K [0x00000006c0800000, 0x00000006cb300000, 0x000000076ad80000)
  object space 175104K, 0% used [0x00000006c0800000,0x00000006c088ef28,0x00000006cb300000)
 Metaspace       used 17761K, capacity 18020K, committed 18304K, reserved 1064960K
  class space    used 2229K, capacity 2332K, committed 2432K, reserved 1048576K
Event: 7.847 GC heap after
Heap after GC invocations=2 (full 0):
 PSYoungGen      total 76288K, used 10131K [0x000000076ad80000, 0x0000000770280000, 0x00000007c0000000)
  eden space 65536K, 0% used [0x000000076ad80000,0x000000076ad80000,0x000000076ed80000)
  from space 10752K, 94% used [0x000000076f800000,0x00000007701e4e68,0x0000000770280000)
  to   space 10752K, 0% used [0x000000076ed80000,0x000000076ed80000,0x000000076f800000)
 ParOldGen       total 175104K, used 579K [0x00000006c0800000, 0x00000006cb300000, 0x000000076ad80000)
  object space 175104K, 0% used [0x00000006c0800000,0x00000006c0890f28,0x00000006cb300000)
 Metaspace       used 17761K, capacity 18020K, committed 18304K, reserved 1064960K
  class space    used 2229K, capacity 2332K, committed 2432K, reserved 1048576K
}
Event: 7.847 GC heap before
{Heap before GC invocations=3 (full 1):
 PSYoungGen      total 76288K, used 10131K [0x000000076ad80000, 0x0000000770280000, 0x00000007c0000000)
  eden space 65536K, 0% used [0x000000076ad80000,0x000000076ad80000,0x000000076ed80000)
  from space 10752K, 94% used [0x000000076f800000,0x00000007701e4e68,0x0000000770280000)
  to   space 10752K, 0% used [0x000000076ed80000,0x000000076ed80000,0x000000076f800000)
 ParOldGen       total 175104K, used 579K [0x00000006c0800000, 0x00000006cb300000, 0x000000076ad80000)
  object space 175104K, 0% used [0x00000006c0800000,0x00000006c0890f28,0x00000006cb300000)
 Metaspace       used 17761K, capacity 18020K, committed 18304K, reserved 1064960K
  class space    used 2229K, capacity 2332K, committed 2432K, reserved 1048576K
Event: 7.880 GC heap after
Heap after GC invocations=3 (full 1):
 PSYoungGen      total 76288K, used 0K [0x000000076ad80000, 0x0000000770280000, 0x00000007c0000000)
  eden space 65536K, 0% used [0x000000076ad80000,0x000000076ad80000,0x000000076ed80000)
  from space 10752K, 0% used [0x000000076f800000,0x000000076f800000,0x0000000770280000)
  to   space 10752K, 0% used [0x000000076ed80000,0x000000076ed80000,0x000000076f800000)
 ParOldGen       total 175104K, used 9929K [0x00000006c0800000, 0x00000006cb300000, 0x000000076ad80000)
  object space 175104K, 5% used [0x00000006c0800000,0x00000006c11b24d0,0x00000006cb300000)
 Metaspace       used 17761K, capacity 18020K, committed 18304K, reserved 1064960K
  class space    used 2229K, capacity 2332K, committed 2432K, reserved 1048576K
}
Event: 17.771 GC heap before
{Heap before GC invocations=4 (full 1):
 PSYoungGen      total 76288K, used 65536K [0x000000076ad80000, 0x0000000770280000, 0x00000007c0000000)
  eden space 65536K, 100% used [0x000000076ad80000,0x000000076ed80000,0x000000076ed80000)
  from space 10752K, 0% used [0x000000076f800000,0x000000076f800000,0x0000000770280000)
  to   space 10752K, 0% used [0x000000076ed80000,0x000000076ed80000,0x000000076f800000)
 ParOldGen       total 175104K, used 9929K [0x00000006c0800000, 0x00000006cb300000, 0x000000076ad80000)
  object space 175104K, 5% used [0x00000006c0800000,0x00000006c11b24d0,0x00000006cb300000)
 Metaspace       used 25515K, capacity 25840K, committed 26112K, reserved 1073152K
  class space    used 3182K, capacity 3302K, committed 3328K, reserved 1048576K
Event: 17.777 GC heap after
Heap after GC invocations=4 (full 1):
 PSYoungGen      total 76288K, used 6744K [0x000000076ad80000, 0x0000000770280000, 0x00000007c0000000)
  eden space 65536K, 0% used [0x000000076ad80000,0x000000076ad80000,0x000000076ed80000)
  from space 10752K, 62% used [0x000000076ed80000,0x000000076f416380,0x000000076f800000)
  to   space 10752K, 0% used [0x000000076f800000,0x000000076f800000,0x0000000770280000)
 ParOldGen       total 175104K, used 10001K [0x00000006c0800000, 0x00000006cb300000, 0x000000076ad80000)
  object space 175104K, 5% used [0x00000006c0800000,0x00000006c11c44e0,0x00000006cb300000)
 Metaspace       used 25515K, capacity 25840K, committed 26112K, reserved 1073152K
  class space    used 3182K, capacity 3302K, committed 3328K, reserved 1048576K
}
Event: 29.172 GC heap before
{Heap before GC invocations=5 (full 1):
 PSYoungGen      total 76288K, used 62205K [0x000000076ad80000, 0x0000000770280000, 0x00000007c0000000)
  eden space 65536K, 84% used [0x000000076ad80000,0x000000076e3a92e8,0x000000076ed80000)
  from space 10752K, 62% used [0x000000076ed80000,0x000000076f416380,0x000000076f800000)
  to   space 10752K, 0% used [0x000000076f800000,0x000000076f800000,0x0000000770280000)
 ParOldGen       total 175104K, used 10001K [0x00000006c0800000, 0x00000006cb300000, 0x000000076ad80000)
  object space 175104K, 5% used [0x00000006c0800000,0x00000006c11c44e0,0x00000006cb300000)
 Metaspace       used 30044K, capacity 30438K, committed 30508K, reserved 1075200K
  class space    used 3755K, capacity 3911K, committed 3968K, reserved 1048576K
Event: 29.177 GC heap after
Heap after GC invocations=5 (full 1):
 PSYoungGen      total 76288K, used 7480K [0x000000076ad80000, 0x0000000770280000, 0x00000007c0000000)
  eden space 65536K, 0% used [0x000000076ad80000,0x000000076ad80000,0x000000076ed80000)
  from space 10752K, 69% used [0x000000076f800000,0x000000076ff4e1b0,0x0000000770280000)
  to   space 10752K, 0% used [0x000000076ed80000,0x000000076ed80000,0x000000076f800000)
 ParOldGen       total 175104K, used 10009K [0x00000006c0800000, 0x00000006cb300000, 0x000000076ad80000)
  object space 175104K, 5% used [0x00000006c0800000,0x00000006c11c64e0,0x00000006cb300000)
 Metaspace       used 30044K, capacity 30438K, committed 30508K, reserved 1075200K
  class space    used 3755K, capacity 3911K, committed 3968K, reserved 1048576K
}
Event: 29.177 GC heap before
{Heap before GC invocations=6 (full 2):
 PSYoungGen      total 76288K, used 7480K [0x000000076ad80000, 0x0000000770280000, 0x00000007c0000000)
  eden space 65536K, 0% used [0x000000076ad80000,0x000000076ad80000,0x000000076ed80000)
  from space 10752K, 69% used [0x000000076f800000,0x000000076ff4e1b0,0x0000000770280000)
  to   space 10752K, 0% used [0x000000076ed80000,0x000000076ed80000,0x000000076f800000)
 ParOldGen       total 175104K, used 10009K [0x00000006c0800000, 0x00000006cb300000, 0x000000076ad80000)
  object space 175104K, 5% used [0x00000006c0800000,0x00000006c11c64e0,0x00000006cb300000)
 Metaspace       used 30044K, capacity 30438K, committed 30508K, reserved 1075200K
  class space    used 3755K, capacity 3911K, committed 3968K, reserved 1048576K
Event: 29.214 GC heap after
Heap after GC invocations=6 (full 2):
 PSYoungGen      total 76288K, used 0K [0x000000076ad80000, 0x0000000770280000, 0x00000007c0000000)
  eden space 65536K, 0% used [0x000000076ad80000,0x000000076ad80000,0x000000076ed80000)
  from space 10752K, 0% used [0x000000076f800000,0x000000076f800000,0x0000000770280000)
  to   space 10752K, 0% used [0x000000076ed80000,0x000000076ed80000,0x000000076f800000)
 ParOldGen       total 82944K, used 16659K [0x00000006c0800000, 0x00000006c5900000, 0x000000076ad80000)
  object space 82944K, 20% used [0x00000006c0800000,0x00000006c1844e58,0x00000006c5900000)
 Metaspace       used 30044K, capacity 30438K, committed 30508K, reserved 1075200K
  class space    used 3755K, capacity 3911K, committed 3968K, reserved 1048576K
}

