<?xml version="1.0" encoding="UTF-8"?>
<testsuite xmlns:xsi="http://www.w3.org/2001/XMLSchema-instance" xsi:noNamespaceSchemaLocation="https://maven.apache.org/surefire/maven-surefire-plugin/xsd/surefire-test-report-3.0.xsd" version="3.0" name="org.demoiselle.signer.chain.icp.brasil.provider.impl.ICPBrasilUserHomeProviderCATest" time="0.273" tests="3" errors="0" skipped="0" failures="0">
  <properties>
[...]
</properties>
  <testcase name="constantePublica" classname="org.demoiselle.signer.chain.icp.brasil.provider.impl.ICPBrasilUserHomeProviderCATest" time="0.0"/>
  <testcase name="obtemCertificados" classname="org.demoiselle.signer.chain.icp.brasil.provider.impl.ICPBrasilUserHomeProviderCATest" time="0.27"/>
  <testcase name="construtor" classname="org.demoiselle.signer.chain.icp.brasil.provider.impl.ICPBrasilUserHomeProviderCATest" time="0.0"/>
</testsuite>