<?xml version="1.0" encoding="UTF-8"?>
<testsuite xmlns:xsi="http://www.w3.org/2001/XMLSchema-instance" xsi:noNamespaceSchemaLocation="https://maven.apache.org/surefire/maven-surefire-plugin/xsd/surefire-test-report-3.0.xsd" version="3.0" name="org.demoiselle.signer.chain.icp.brasil.provider.impl.ICPBrasilProviderCATest" time="0.069" tests="2" errors="0" skipped="0" failures="0">
  <properties>
[...]
</properties>
  <testcase name="obtemCertificados" classname="org.demoiselle.signer.chain.icp.brasil.provider.impl.ICPBrasilProviderCATest" time="0.06"/>
  <testcase name="checkNameOfProvider" classname="org.demoiselle.signer.chain.icp.brasil.provider.impl.ICPBrasilProviderCATest" time="0.001"/>
</testsuite>